C:\USERS\NIELAB.SCHAHROCHIE\DOCUMENTS\VISUAL STUDIO 2012\PROJECTS\AVPRG\AVPRG\DEBUG\MAIN.OBJ
C:\USERS\NIELAB.SCHAHROCHIE\DOCUMENTS\VISUAL STUDIO 2012\PROJECTS\AVPRG\AVPRG\DEBUG\VC110.PDB
C:\USERS\NIELAB.SCHAHROCHIE\DOCUMENTS\VISUAL STUDIO 2012\PROJECTS\AVPRG\AVPRG\DEBUG\COLOR.OBJ
C:\USERS\NIELAB.SCHAHROCHIE\DOCUMENTS\CP-AVPRG\COLOR-PLAY\AVPRG\DEBUG\COLOR.OBJ
C:\USERS\NIELAB.SCHAHROCHIE\DOCUMENTS\CP-AVPRG\COLOR-PLAY\AVPRG\DEBUG\MAIN.OBJ
C:\USERS\NIELAB.SCHAHROCHIE\DOCUMENTS\CP-AVPRG\COLOR-PLAY\AVPRG\DEBUG\SOUND.OBJ
C:\USERS\NIELAB.SCHAHROCHIE\DOCUMENTS\CP-AVPRG\COLOR-PLAY\AVPRG\DEBUG\VC110.PDB
C:\USERS\NIELAB.SCHAHROCHIE\DOCUMENTS\CP-AVPRG\COLOR-PLAY\AVPRG\DEBUG\CREATESOUND.OBJ
C:\USERS\NIELAB.SCHAHROCHIE\DOCUMENTS\VISUAL STUDIO 2012\PROJECTS\AVPRG\DEBUG\AVPRG.EXE
C:\USERS\NIELAB.SCHAHROCHIE\DOCUMENTS\VISUAL STUDIO 2012\PROJECTS\AVPRG\DEBUG\AVPRG.PDB
C:\USERS\NIELAB.SCHAHROCHIE\DOCUMENTS\CP-AVPRG\COLOR-PLAY\DEBUG\AVPRG.EXE
C:\USERS\NIELAB.SCHAHROCHIE\DOCUMENTS\CP-AVPRG\COLOR-PLAY\DEBUG\AVPRG.PDB
C:\Users\Nielab.Schahrochie\Documents\CP-AVPRG\color-play\AVPRG\Debug\Color.obj
C:\Users\Nielab.Schahrochie\Documents\CP-AVPRG\color-play\AVPRG\Debug\CreateSound.obj
C:\Users\Nielab.Schahrochie\Documents\CP-AVPRG\color-play\AVPRG\Debug\main.obj
C:\Users\Nielab.Schahrochie\Documents\CP-AVPRG\color-play\AVPRG\Debug\Sound.obj
C:\Users\Nielab.Schahrochie\Documents\CP-AVPRG\color-play\AVPRG\Debug\cl.command.1.tlog
C:\Users\Nielab.Schahrochie\Documents\CP-AVPRG\color-play\AVPRG\Debug\CL.read.1.tlog
C:\Users\Nielab.Schahrochie\Documents\CP-AVPRG\color-play\AVPRG\Debug\CL.write.1.tlog
C:\Users\Nielab.Schahrochie\Documents\CP-AVPRG\color-play\AVPRG\Debug\link-cvtres.read.1.tlog
C:\Users\Nielab.Schahrochie\Documents\CP-AVPRG\color-play\AVPRG\Debug\link-cvtres.write.1.tlog
C:\Users\Nielab.Schahrochie\Documents\CP-AVPRG\color-play\AVPRG\Debug\link-rc.read.1.tlog
C:\Users\Nielab.Schahrochie\Documents\CP-AVPRG\color-play\AVPRG\Debug\link-rc.write.1.tlog
C:\Users\Nielab.Schahrochie\Documents\CP-AVPRG\color-play\AVPRG\Debug\link.command.1.tlog
C:\Users\Nielab.Schahrochie\Documents\CP-AVPRG\color-play\AVPRG\Debug\link.read.1.tlog
C:\Users\Nielab.Schahrochie\Documents\CP-AVPRG\color-play\AVPRG\Debug\link.write.1.tlog
C:\Users\Nielab.Schahrochie\Documents\CP-AVPRG\color-play\AVPRG\Debug\vc110.idb
C:\Users\Nielab.Schahrochie\Documents\CP-AVPRG\color-play\AVPRG\Debug\vc110.pdb
C:\Users\Nielab.Schahrochie\Documents\CP-AVPRG\color-play\Debug\AVPRG.pdb
C:\Users\Nielab.Schahrochie\Documents\CP-AVPRG\color-play\Debug\AVPRG.exe
