Der Buildvorgang wurde am 11.01.2016 03:13:00 gestartet.
     1>Projekt "C:\Users\Nielab.Schahrochie\Documents\CP-AVPRG\color-play\AVPRG\AVPRG.vcxproj" auf Knoten "2", Build Ziel(e).
     1>ClCompile:
         C:\Program Files (x86)\Microsoft Visual Studio 11.0\VC\bin\CL.exe /c /IC:\opencv\build\include /ZI /nologo /W3 /WX- /sdl /Od /Oy- /D WIN32 /D _DEBUG /D _CONSOLE /D _UNICODE /D UNICODE /Gm /EHsc /RTC1 /MDd /GS /fp:precise /Zc:wchar_t /Zc:forScope /Fo"Debug\\" /Fd"Debug\vc110.pdb" /Gd /TP /analyze- /errorReport:prompt Sound.cpp main.cpp
         main.cpp
         Sound.cpp
     1>c:\users\nielab.schahrochie\documents\cp-avprg\color-play\avprg\sound.cpp(32): warning C4129: 'g': Nicht erkannte Folge von Escapesequenz
     1>c:\users\nielab.schahrochie\documents\cp-avprg\color-play\avprg\sound.cpp(35): warning C4129: 'g': Nicht erkannte Folge von Escapesequenz
     1>c:\users\nielab.schahrochie\documents\cp-avprg\color-play\avprg\sound.cpp(38): warning C4129: 'g': Nicht erkannte Folge von Escapesequenz
     1>c:\users\nielab.schahrochie\documents\cp-avprg\color-play\avprg\sound.cpp(41): warning C4129: 'g': Nicht erkannte Folge von Escapesequenz
     1>c:\users\nielab.schahrochie\documents\cp-avprg\color-play\avprg\sound.cpp(52): warning C4129: 'g': Nicht erkannte Folge von Escapesequenz
     1>c:\users\nielab.schahrochie\documents\cp-avprg\color-play\avprg\sound.cpp(55): warning C4129: 'g': Nicht erkannte Folge von Escapesequenz
     1>c:\users\nielab.schahrochie\documents\cp-avprg\color-play\avprg\sound.cpp(58): warning C4129: 'g': Nicht erkannte Folge von Escapesequenz
     1>c:\users\nielab.schahrochie\documents\cp-avprg\color-play\avprg\sound.cpp(61): warning C4129: 'g': Nicht erkannte Folge von Escapesequenz
     1>c:\users\nielab.schahrochie\documents\cp-avprg\color-play\avprg\sound.cpp(90): warning C4129: 'h': Nicht erkannte Folge von Escapesequenz
     1>c:\users\nielab.schahrochie\documents\cp-avprg\color-play\avprg\sound.cpp(93): warning C4129: 'h': Nicht erkannte Folge von Escapesequenz
     1>c:\users\nielab.schahrochie\documents\cp-avprg\color-play\avprg\sound.cpp(96): warning C4129: 'h': Nicht erkannte Folge von Escapesequenz
     1>c:\users\nielab.schahrochie\documents\cp-avprg\color-play\avprg\sound.cpp(99): warning C4129: 'h': Nicht erkannte Folge von Escapesequenz
     1>c:\users\nielab.schahrochie\documents\cp-avprg\color-play\avprg\sound.cpp(110): warning C4129: 'i': Nicht erkannte Folge von Escapesequenz
     1>c:\users\nielab.schahrochie\documents\cp-avprg\color-play\avprg\sound.cpp(113): warning C4129: 'i': Nicht erkannte Folge von Escapesequenz
     1>c:\users\nielab.schahrochie\documents\cp-avprg\color-play\avprg\sound.cpp(116): warning C4129: 'i': Nicht erkannte Folge von Escapesequenz
     1>c:\users\nielab.schahrochie\documents\cp-avprg\color-play\avprg\sound.cpp(119): warning C4129: 'i': Nicht erkannte Folge von Escapesequenz
         Code wird generiert...
       Link:
         C:\Program Files (x86)\Microsoft Visual Studio 11.0\VC\bin\link.exe /ERRORREPORT:PROMPT /OUT:"C:\Users\Nielab.Schahrochie\Documents\CP-AVPRG\color-play\Debug\AVPRG.exe" /INCREMENTAL:NO /NOLOGO /LIBPATH:C:\opencv\build\x86\vc12\lib opencv_core249d.lib opencv_highgui249d.lib opencv_calib3d249d.lib opencv_contrib249d.lib opencv_features2d249d.lib opencv_flann249d.lib opencv_gpu249d.lib opencv_imgproc249d.lib opencv_legacy249d.lib opencv_ml249d.lib opencv_nonfree249d.lib opencv_objdetect249d.lib opencv_photo249d.lib opencv_stitching249d.lib opencv_ts249d.lib opencv_video249d.lib winmm.lib kernel32.lib user32.lib gdi32.lib winspool.lib comdlg32.lib advapi32.lib shell32.lib ole32.lib oleaut32.lib uuid.lib odbc32.lib odbccp32.lib /MANIFEST /MANIFESTUAC:"level='asInvoker' uiAccess='false'" /manifest:embed /DEBUG /PDB:"C:\Users\Nielab.Schahrochie\Documents\CP-AVPRG\color-play\Debug\AVPRG.pdb" /SUBSYSTEM:CONSOLE /TLBID:1 /DYNAMICBASE /NXCOMPAT /IMPLIB:"C:\Users\Nielab.Schahrochie\Documents\CP-AVPRG\color-play\Debug\AVPRG.lib" /MACHINE:X86 Debug\Color.obj
         Debug\CreateSound.obj
         Debug\main.obj
         Debug\Sound.obj
     1>Color.obj : warning LNK4075: /EDITANDCONTINUE wird aufgrund der Angabe von /OPT:LBR ignoriert.
         AVPRG.vcxproj -> C:\Users\Nielab.Schahrochie\Documents\CP-AVPRG\color-play\Debug\AVPRG.exe
     1>Die Erstellung des Projekts "C:\Users\Nielab.Schahrochie\Documents\CP-AVPRG\color-play\AVPRG\AVPRG.vcxproj" ist abgeschlossen, Build Ziel(e).

Build erfolgreich.

Verstrichene Zeit 00:00:05.45
